[debug] [2018-08-10T18:36:38.271Z] ----------------------------------------------------------------------
[debug] [2018-08-10T18:36:38.273Z] Command:       /usr/local/bin/node /Users/xanthecoffman/.npm-global/bin/firebase functions:shell
[debug] [2018-08-10T18:36:38.274Z] CLI Version:   4.0.3
[debug] [2018-08-10T18:36:38.274Z] Platform:      darwin
[debug] [2018-08-10T18:36:38.274Z] Node Version:  v8.11.1
[debug] [2018-08-10T18:36:38.274Z] Time:          Fri Aug 10 2018 14:36:38 GMT-0400 (EDT)
[debug] [2018-08-10T18:36:38.275Z] ----------------------------------------------------------------------
[debug] 
[debug] [2018-08-10T18:36:38.290Z] > command requires scopes: ["email","openid","https://www.googleapis.com/auth/cloudplatformprojects.readonly","https://www.googleapis.com/auth/firebase","https://www.googleapis.com/auth/cloud-platform"]
[debug] [2018-08-10T18:36:38.290Z] > authorizing via signed-in user
[debug] [2018-08-10T18:36:38.293Z] >>> HTTP REQUEST GET https://admin.firebase.com/v1/projects/emsync-ae69c  
  
 Fri Aug 10 2018 14:36:38 GMT-0400 (EDT)
[debug] [2018-08-10T18:36:38.603Z] <<< HTTP RESPONSE 200
[debug] [2018-08-10T18:36:38.604Z] >>> HTTP REQUEST GET https://admin.firebase.com/v1/database/emsync-ae69c/tokens  
  
 Fri Aug 10 2018 14:36:38 GMT-0400 (EDT)
[debug] [2018-08-10T18:36:38.958Z] <<< HTTP RESPONSE 200
[info] i  functions: Preparing to emulate functions.
[debug] [2018-08-10T18:36:40.056Z] Fetching environment
[debug] [2018-08-10T18:36:40.059Z] >>> HTTP REQUEST GET https://cloudresourcemanager.googleapis.com/v1/projects/emsync-ae69c  
  
 Fri Aug 10 2018 14:36:40 GMT-0400 (EDT)
[debug] [2018-08-10T18:36:40.393Z] <<< HTTP RESPONSE 200
[debug] [2018-08-10T18:36:40.394Z] >>> HTTP REQUEST GET https://mobilesdk-pa.googleapis.com/v1/projects/554264331102:getServerAppConfig  
  
 Fri Aug 10 2018 14:36:40 GMT-0400 (EDT)
[debug] [2018-08-10T18:36:40.785Z] <<< HTTP RESPONSE 200
[debug] [2018-08-10T18:36:40.786Z] Starting @google-cloud/functions-emulator
[debug] [2018-08-10T18:36:42.372Z] Parsing function triggers
[debug] [2018-08-10T18:36:43.557Z] Deploying functions locally
